23-Jul-2025 09:52:06.111 INFO [http-nio-8080-exec-4] org.apache.catalina.core.ApplicationContext.log Manager: init: Associated with Deployer 'Catalina:type=Deployer,host=localhost'
23-Jul-2025 09:52:06.111 INFO [http-nio-8080-exec-4] org.apache.catalina.core.ApplicationContext.log Manager: init: Global resources are available
23-Jul-2025 09:52:06.151 INFO [http-nio-8080-exec-7] org.apache.catalina.core.ApplicationContext.log Manager: list: Listing contexts for virtual host 'localhost'
23-Jul-2025 09:52:06.155 INFO [http-nio-8080-exec-8] org.apache.catalina.core.ApplicationContext.log Manager: list: Listing contexts for virtual host 'localhost'
23-Jul-2025 09:52:06.165 INFO [http-nio-8080-exec-9] org.apache.catalina.core.ApplicationContext.log Manager: install: Installing context configuration at 'file:/C:/Users/ADMINI~1/AppData/Local/Temp/context6283880960794279321.xml'
23-Jul-2025 09:52:08.444 INFO [http-nio-8080-exec-10] org.apache.catalina.core.ApplicationContext.log Manager: start: Starting web application '/helder'
23-Jul-2025 12:03:32.346 INFO [http-nio-8080-exec-6] org.apache.catalina.core.ApplicationContext.log Manager: list: Listing contexts for virtual host 'localhost'
23-Jul-2025 12:03:32.346 INFO [http-nio-8080-exec-5] org.apache.catalina.core.ApplicationContext.log Manager: list: Listing contexts for virtual host 'localhost'
23-Jul-2025 12:03:32.373 INFO [http-nio-8080-exec-7] org.apache.catalina.core.ApplicationContext.log Manager: undeploy: Undeploying web application at '/helder'
23-Jul-2025 12:03:32.924 INFO [http-nio-8080-exec-1] org.apache.catalina.core.ApplicationContext.log Manager: install: Installing context configuration at 'file:/C:/Users/ADMINI~1/AppData/Local/Temp/context7129384756872987018.xml'
23-Jul-2025 12:03:34.796 INFO [http-nio-8080-exec-2] org.apache.catalina.core.ApplicationContext.log Manager: start: Starting web application '/helder'
23-Jul-2025 12:40:27.863 INFO [http-nio-8080-exec-14] org.apache.catalina.core.ApplicationContext.log Manager: list: Listing contexts for virtual host 'localhost'
23-Jul-2025 12:40:27.865 INFO [http-nio-8080-exec-18] org.apache.catalina.core.ApplicationContext.log Manager: list: Listing contexts for virtual host 'localhost'
23-Jul-2025 12:40:27.865 INFO [http-nio-8080-exec-17] org.apache.catalina.core.ApplicationContext.log Manager: undeploy: Undeploying web application at '/helder'
23-Jul-2025 12:40:28.403 INFO [http-nio-8080-exec-14] org.apache.catalina.core.ApplicationContext.log Manager: install: Installing context configuration at 'file:/C:/Users/ADMINI~1/AppData/Local/Temp/context15376741154959274091.xml'
23-Jul-2025 12:40:30.084 INFO [http-nio-8080-exec-11] org.apache.catalina.core.ApplicationContext.log Manager: start: Starting web application '/helder'
23-Jul-2025 12:59:11.493 INFO [http-nio-8080-exec-27] org.apache.catalina.core.ApplicationContext.log Manager: list: Listing contexts for virtual host 'localhost'
23-Jul-2025 12:59:11.495 INFO [http-nio-8080-exec-23] org.apache.catalina.core.ApplicationContext.log Manager: list: Listing contexts for virtual host 'localhost'
23-Jul-2025 12:59:11.499 INFO [http-nio-8080-exec-24] org.apache.catalina.core.ApplicationContext.log Manager: undeploy: Undeploying web application at '/helder'
23-Jul-2025 12:59:12.029 INFO [http-nio-8080-exec-22] org.apache.catalina.core.ApplicationContext.log Manager: install: Installing context configuration at 'file:/C:/Users/ADMINI~1/AppData/Local/Temp/context10179860966411335516.xml'
23-Jul-2025 12:59:13.711 INFO [http-nio-8080-exec-23] org.apache.catalina.core.ApplicationContext.log Manager: start: Starting web application '/helder'
23-Jul-2025 13:04:28.068 INFO [http-nio-8080-exec-39] org.apache.catalina.core.ApplicationContext.log Manager: list: Listing contexts for virtual host 'localhost'
23-Jul-2025 13:04:28.069 INFO [http-nio-8080-exec-33] org.apache.catalina.core.ApplicationContext.log Manager: list: Listing contexts for virtual host 'localhost'
23-Jul-2025 13:04:28.073 INFO [http-nio-8080-exec-34] org.apache.catalina.core.ApplicationContext.log Manager: undeploy: Undeploying web application at '/helder'
23-Jul-2025 13:04:28.597 INFO [http-nio-8080-exec-38] org.apache.catalina.core.ApplicationContext.log Manager: install: Installing context configuration at 'file:/C:/Users/ADMINI~1/AppData/Local/Temp/context6289357416737407132.xml'
23-Jul-2025 13:04:30.208 INFO [http-nio-8080-exec-35] org.apache.catalina.core.ApplicationContext.log Manager: start: Starting web application '/helder'
23-Jul-2025 13:23:34.929 INFO [http-nio-8080-exec-44] org.apache.catalina.core.ApplicationContext.log Manager: list: Listing contexts for virtual host 'localhost'
23-Jul-2025 13:23:34.929 INFO [http-nio-8080-exec-48] org.apache.catalina.core.ApplicationContext.log Manager: list: Listing contexts for virtual host 'localhost'
23-Jul-2025 13:23:34.936 INFO [http-nio-8080-exec-49] org.apache.catalina.core.ApplicationContext.log Manager: undeploy: Undeploying web application at '/helder'
23-Jul-2025 13:23:35.455 INFO [http-nio-8080-exec-44] org.apache.catalina.core.ApplicationContext.log Manager: install: Installing context configuration at 'file:/C:/Users/ADMINI~1/AppData/Local/Temp/context9106622816429278470.xml'
23-Jul-2025 13:23:37.134 INFO [http-nio-8080-exec-50] org.apache.catalina.core.ApplicationContext.log Manager: start: Starting web application '/helder'
23-Jul-2025 13:24:52.001 INFO [http-nio-8080-exec-46] org.apache.catalina.core.ApplicationContext.log Manager: list: Listing contexts for virtual host 'localhost'
23-Jul-2025 13:24:52.001 INFO [http-nio-8080-exec-51] org.apache.catalina.core.ApplicationContext.log Manager: undeploy: Undeploying web application at '/helder'
23-Jul-2025 13:25:09.974 INFO [http-nio-8080-exec-52] org.apache.catalina.core.ApplicationContext.log Manager: list: Listing contexts for virtual host 'localhost'
23-Jul-2025 13:25:09.974 INFO [http-nio-8080-exec-53] org.apache.catalina.core.ApplicationContext.log Manager: list: Listing contexts for virtual host 'localhost'
23-Jul-2025 13:25:09.993 INFO [http-nio-8080-exec-51] org.apache.catalina.core.ApplicationContext.log Manager: install: Installing context configuration at 'file:/C:/Users/ADMINI~1/AppData/Local/Temp/context4525271515837250130.xml'
23-Jul-2025 13:25:11.662 INFO [http-nio-8080-exec-42] org.apache.catalina.core.ApplicationContext.log Manager: start: Starting web application '/helder'
